<?xml version="1.0" encoding="UTF-8"?>
<!DOCTYPE coverage SYSTEM "https://raw.githubusercontent.com/cobertura/cobertura/master/cobertura/src/site/htdocs/xml/coverage-04.dtd">
<coverage line-rate="0.0239410681399632" branch-rate="0" lines-covered="13" lines-valid="543" branches-covered="0" branches-valid="0" complexity="0" version="3.6.2" timestamp="2023-08-15 14:02:20.509599">
  <sources>
    <source>/__w/maicplus/maicplus/maicplus</source>
  </sources>
  <packages>
    <package name="maicplus" line-rate="0.0239410681399632" branch-rate="0" complexity="0">
      <classes>
        <class name="bucher.R" filename="R/bucher.R" line-rate="0.590909090909091" branch-rate="0" complexity="0">
          <methods>
            <method name="bucher" signature="" line-rate="0.928571428571429" branch-rate="0" complexity="0">
              <lines>
                <line number="32" hits="1" branch="false"/>
                <line number="33" hits="1" branch="false"/>
                <line number="34" hits="1" branch="false"/>
                <line number="35" hits="1" branch="false"/>
                <line number="36" hits="1" branch="false"/>
                <line number="37" hits="0" branch="false"/>
                <line number="39" hits="1" branch="false"/>
                <line number="42" hits="1" branch="false"/>
                <line number="43" hits="1" branch="false"/>
                <line number="44" hits="1" branch="false"/>
                <line number="45" hits="1" branch="false"/>
                <line number="46" hits="1" branch="false"/>
                <line number="47" hits="1" branch="false"/>
                <line number="48" hits="1" branch="false"/>
              </lines>
            </method>
            <method name="print_bucher" signature="" line-rate="0" branch-rate="0" complexity="0">
              <lines>
                <line number="63" hits="0" branch="false"/>
                <line number="64" hits="0" branch="false"/>
                <line number="65" hits="0" branch="false"/>
                <line number="66" hits="0" branch="false"/>
                <line number="67" hits="0" branch="false"/>
                <line number="69" hits="0" branch="false"/>
                <line number="70" hits="0" branch="false"/>
                <line number="72" hits="0" branch="false"/>
              </lines>
            </method>
          </methods>
          <lines>
            <line number="32" hits="1" branch="false"/>
            <line number="33" hits="1" branch="false"/>
            <line number="34" hits="1" branch="false"/>
            <line number="35" hits="1" branch="false"/>
            <line number="36" hits="1" branch="false"/>
            <line number="37" hits="0" branch="false"/>
            <line number="39" hits="1" branch="false"/>
            <line number="42" hits="1" branch="false"/>
            <line number="43" hits="1" branch="false"/>
            <line number="44" hits="1" branch="false"/>
            <line number="45" hits="1" branch="false"/>
            <line number="46" hits="1" branch="false"/>
            <line number="47" hits="1" branch="false"/>
            <line number="48" hits="1" branch="false"/>
            <line number="63" hits="0" branch="false"/>
            <line number="64" hits="0" branch="false"/>
            <line number="65" hits="0" branch="false"/>
            <line number="66" hits="0" branch="false"/>
            <line number="67" hits="0" branch="false"/>
            <line number="69" hits="0" branch="false"/>
            <line number="70" hits="0" branch="false"/>
            <line number="72" hits="0" branch="false"/>
          </lines>
        </class>
        <class name="data_generation.R" filename="R/data_generation.R" line-rate="0" branch-rate="0" complexity="0">
          <methods>
            <method name="generate_survival_data" signature="" line-rate="0" branch-rate="0" complexity="0">
              <lines>
                <line number="36" hits="0" branch="false"/>
                <line number="39" hits="0" branch="false"/>
                <line number="40" hits="0" branch="false"/>
                <line number="43" hits="0" branch="false"/>
                <line number="44" hits="0" branch="false"/>
                <line number="45" hits="0" branch="false"/>
                <line number="49" hits="0" branch="false"/>
                <line number="50" hits="0" branch="false"/>
                <line number="51" hits="0" branch="false"/>
                <line number="53" hits="0" branch="false"/>
                <line number="55" hits="0" branch="false"/>
                <line number="58" hits="0" branch="false"/>
                <line number="61" hits="0" branch="false"/>
                <line number="62" hits="0" branch="false"/>
                <line number="65" hits="0" branch="false"/>
                <line number="68" hits="0" branch="false"/>
                <line number="69" hits="0" branch="false"/>
                <line number="71" hits="0" branch="false"/>
                <line number="72" hits="0" branch="false"/>
                <line number="73" hits="0" branch="false"/>
              </lines>
            </method>
          </methods>
          <lines>
            <line number="36" hits="0" branch="false"/>
            <line number="39" hits="0" branch="false"/>
            <line number="40" hits="0" branch="false"/>
            <line number="43" hits="0" branch="false"/>
            <line number="44" hits="0" branch="false"/>
            <line number="45" hits="0" branch="false"/>
            <line number="49" hits="0" branch="false"/>
            <line number="50" hits="0" branch="false"/>
            <line number="51" hits="0" branch="false"/>
            <line number="53" hits="0" branch="false"/>
            <line number="55" hits="0" branch="false"/>
            <line number="58" hits="0" branch="false"/>
            <line number="61" hits="0" branch="false"/>
            <line number="62" hits="0" branch="false"/>
            <line number="65" hits="0" branch="false"/>
            <line number="68" hits="0" branch="false"/>
            <line number="69" hits="0" branch="false"/>
            <line number="71" hits="0" branch="false"/>
            <line number="72" hits="0" branch="false"/>
            <line number="73" hits="0" branch="false"/>
          </lines>
        </class>
        <class name="maic_unanchored_tte.R" filename="R/maic_unanchored_tte.R" line-rate="0" branch-rate="0" complexity="0">
          <methods>
            <method name="maic_tte_unanchor" signature="" line-rate="0" branch-rate="0" complexity="0">
              <lines>
                <line number="25" hits="0" branch="false"/>
                <line number="27" hits="0" branch="false"/>
                <line number="28" hits="0" branch="false"/>
                <line number="30" hits="0" branch="false"/>
                <line number="33" hits="0" branch="false"/>
                <line number="34" hits="0" branch="false"/>
                <line number="37" hits="0" branch="false"/>
                <line number="38" hits="0" branch="false"/>
                <line number="39" hits="0" branch="false"/>
                <line number="40" hits="0" branch="false"/>
                <line number="43" hits="0" branch="false"/>
                <line number="44" hits="0" branch="false"/>
                <line number="49" hits="0" branch="false"/>
                <line number="50" hits="0" branch="false"/>
                <line number="52" hits="0" branch="false"/>
                <line number="53" hits="0" branch="false"/>
                <line number="54" hits="0" branch="false"/>
                <line number="55" hits="0" branch="false"/>
                <line number="56" hits="0" branch="false"/>
                <line number="57" hits="0" branch="false"/>
                <line number="58" hits="0" branch="false"/>
                <line number="60" hits="0" branch="false"/>
                <line number="61" hits="0" branch="false"/>
                <line number="66" hits="0" branch="false"/>
                <line number="67" hits="0" branch="false"/>
                <line number="68" hits="0" branch="false"/>
                <line number="70" hits="0" branch="false"/>
                <line number="73" hits="0" branch="false"/>
                <line number="74" hits="0" branch="false"/>
                <line number="76" hits="0" branch="false"/>
                <line number="77" hits="0" branch="false"/>
                <line number="79" hits="0" branch="false"/>
                <line number="80" hits="0" branch="false"/>
                <line number="81" hits="0" branch="false"/>
                <line number="82" hits="0" branch="false"/>
                <line number="87" hits="0" branch="false"/>
                <line number="88" hits="0" branch="false"/>
                <line number="90" hits="0" branch="false"/>
                <line number="91" hits="0" branch="false"/>
                <line number="92" hits="0" branch="false"/>
                <line number="93" hits="0" branch="false"/>
                <line number="94" hits="0" branch="false"/>
                <line number="97" hits="0" branch="false"/>
                <line number="98" hits="0" branch="false"/>
                <line number="99" hits="0" branch="false"/>
                <line number="100" hits="0" branch="false"/>
                <line number="101" hits="0" branch="false"/>
                <line number="104" hits="0" branch="false"/>
                <line number="105" hits="0" branch="false"/>
                <line number="106" hits="0" branch="false"/>
                <line number="107" hits="0" branch="false"/>
                <line number="108" hits="0" branch="false"/>
                <line number="110" hits="0" branch="false"/>
                <line number="111" hits="0" branch="false"/>
                <line number="112" hits="0" branch="false"/>
                <line number="113" hits="0" branch="false"/>
                <line number="114" hits="0" branch="false"/>
                <line number="117" hits="0" branch="false"/>
                <line number="118" hits="0" branch="false"/>
                <line number="119" hits="0" branch="false"/>
                <line number="120" hits="0" branch="false"/>
                <line number="121" hits="0" branch="false"/>
                <line number="123" hits="0" branch="false"/>
                <line number="124" hits="0" branch="false"/>
                <line number="125" hits="0" branch="false"/>
                <line number="126" hits="0" branch="false"/>
                <line number="127" hits="0" branch="false"/>
                <line number="130" hits="0" branch="false"/>
              </lines>
            </method>
            <method name="report_table" signature="" line-rate="0" branch-rate="0" complexity="0">
              <lines>
                <line number="144" hits="0" branch="false"/>
                <line number="145" hits="0" branch="false"/>
                <line number="146" hits="0" branch="false"/>
                <line number="147" hits="0" branch="false"/>
                <line number="149" hits="0" branch="false"/>
                <line number="150" hits="0" branch="false"/>
                <line number="152" hits="0" branch="false"/>
                <line number="153" hits="0" branch="false"/>
                <line number="154" hits="0" branch="false"/>
                <line number="155" hits="0" branch="false"/>
                <line number="156" hits="0" branch="false"/>
                <line number="157" hits="0" branch="false"/>
                <line number="158" hits="0" branch="false"/>
                <line number="159" hits="0" branch="false"/>
                <line number="161" hits="0" branch="false"/>
                <line number="163" hits="0" branch="false"/>
                <line number="164" hits="0" branch="false"/>
              </lines>
            </method>
          </methods>
          <lines>
            <line number="25" hits="0" branch="false"/>
            <line number="27" hits="0" branch="false"/>
            <line number="28" hits="0" branch="false"/>
            <line number="30" hits="0" branch="false"/>
            <line number="33" hits="0" branch="false"/>
            <line number="34" hits="0" branch="false"/>
            <line number="37" hits="0" branch="false"/>
            <line number="38" hits="0" branch="false"/>
            <line number="39" hits="0" branch="false"/>
            <line number="40" hits="0" branch="false"/>
            <line number="43" hits="0" branch="false"/>
            <line number="44" hits="0" branch="false"/>
            <line number="49" hits="0" branch="false"/>
            <line number="50" hits="0" branch="false"/>
            <line number="52" hits="0" branch="false"/>
            <line number="53" hits="0" branch="false"/>
            <line number="54" hits="0" branch="false"/>
            <line number="55" hits="0" branch="false"/>
            <line number="56" hits="0" branch="false"/>
            <line number="57" hits="0" branch="false"/>
            <line number="58" hits="0" branch="false"/>
            <line number="60" hits="0" branch="false"/>
            <line number="61" hits="0" branch="false"/>
            <line number="66" hits="0" branch="false"/>
            <line number="67" hits="0" branch="false"/>
            <line number="68" hits="0" branch="false"/>
            <line number="70" hits="0" branch="false"/>
            <line number="73" hits="0" branch="false"/>
            <line number="74" hits="0" branch="false"/>
            <line number="76" hits="0" branch="false"/>
            <line number="77" hits="0" branch="false"/>
            <line number="79" hits="0" branch="false"/>
            <line number="80" hits="0" branch="false"/>
            <line number="81" hits="0" branch="false"/>
            <line number="82" hits="0" branch="false"/>
            <line number="87" hits="0" branch="false"/>
            <line number="88" hits="0" branch="false"/>
            <line number="90" hits="0" branch="false"/>
            <line number="91" hits="0" branch="false"/>
            <line number="92" hits="0" branch="false"/>
            <line number="93" hits="0" branch="false"/>
            <line number="94" hits="0" branch="false"/>
            <line number="97" hits="0" branch="false"/>
            <line number="98" hits="0" branch="false"/>
            <line number="99" hits="0" branch="false"/>
            <line number="100" hits="0" branch="false"/>
            <line number="101" hits="0" branch="false"/>
            <line number="104" hits="0" branch="false"/>
            <line number="105" hits="0" branch="false"/>
            <line number="106" hits="0" branch="false"/>
            <line number="107" hits="0" branch="false"/>
            <line number="108" hits="0" branch="false"/>
            <line number="110" hits="0" branch="false"/>
            <line number="111" hits="0" branch="false"/>
            <line number="112" hits="0" branch="false"/>
            <line number="113" hits="0" branch="false"/>
            <line number="114" hits="0" branch="false"/>
            <line number="117" hits="0" branch="false"/>
            <line number="118" hits="0" branch="false"/>
            <line number="119" hits="0" branch="false"/>
            <line number="120" hits="0" branch="false"/>
            <line number="121" hits="0" branch="false"/>
            <line number="123" hits="0" branch="false"/>
            <line number="124" hits="0" branch="false"/>
            <line number="125" hits="0" branch="false"/>
            <line number="126" hits="0" branch="false"/>
            <line number="127" hits="0" branch="false"/>
            <line number="130" hits="0" branch="false"/>
            <line number="144" hits="0" branch="false"/>
            <line number="145" hits="0" branch="false"/>
            <line number="146" hits="0" branch="false"/>
            <line number="147" hits="0" branch="false"/>
            <line number="149" hits="0" branch="false"/>
            <line number="150" hits="0" branch="false"/>
            <line number="152" hits="0" branch="false"/>
            <line number="153" hits="0" branch="false"/>
            <line number="154" hits="0" branch="false"/>
            <line number="155" hits="0" branch="false"/>
            <line number="156" hits="0" branch="false"/>
            <line number="157" hits="0" branch="false"/>
            <line number="158" hits="0" branch="false"/>
            <line number="159" hits="0" branch="false"/>
            <line number="161" hits="0" branch="false"/>
            <line number="163" hits="0" branch="false"/>
            <line number="164" hits="0" branch="false"/>
          </lines>
        </class>
        <class name="matching.R" filename="R/matching.R" line-rate="0" branch-rate="0" complexity="0">
          <methods>
            <method name="estimate_weights" signature="" line-rate="0" branch-rate="0" complexity="0">
              <lines>
                <line number="31" hits="0" branch="false"/>
                <line number="32" hits="0" branch="false"/>
                <line number="34" hits="0" branch="false"/>
                <line number="35" hits="0" branch="false"/>
                <line number="36" hits="0" branch="false"/>
                <line number="37" hits="0" branch="false"/>
                <line number="38" hits="0" branch="false"/>
                <line number="39" hits="0" branch="false"/>
                <line number="40" hits="0" branch="false"/>
                <line number="42" hits="0" branch="false"/>
                <line number="45" hits="0" branch="false"/>
                <line number="46" hits="0" branch="false"/>
                <line number="47" hits="0" branch="false"/>
                <line number="48" hits="0" branch="false"/>
                <line number="49" hits="0" branch="false"/>
                <line number="53" hits="0" branch="false"/>
                <line number="54" hits="0" branch="false"/>
                <line number="55" hits="0" branch="false"/>
                <line number="56" hits="0" branch="false"/>
                <line number="57" hits="0" branch="false"/>
                <line number="60" hits="0" branch="false"/>
                <line number="61" hits="0" branch="false"/>
                <line number="62" hits="0" branch="false"/>
                <line number="63" hits="0" branch="false"/>
                <line number="64" hits="0" branch="false"/>
                <line number="65" hits="0" branch="false"/>
                <line number="68" hits="0" branch="false"/>
                <line number="69" hits="0" branch="false"/>
                <line number="70" hits="0" branch="false"/>
                <line number="71" hits="0" branch="false"/>
                <line number="72" hits="0" branch="false"/>
                <line number="73" hits="0" branch="false"/>
                <line number="74" hits="0" branch="false"/>
                <line number="75" hits="0" branch="false"/>
                <line number="76" hits="0" branch="false"/>
                <line number="77" hits="0" branch="false"/>
                <line number="80" hits="0" branch="false"/>
                <line number="81" hits="0" branch="false"/>
                <line number="83" hits="0" branch="false"/>
                <line number="84" hits="0" branch="false"/>
                <line number="86" hits="0" branch="false"/>
                <line number="89" hits="0" branch="false"/>
                <line number="90" hits="0" branch="false"/>
                <line number="91" hits="0" branch="false"/>
                <line number="92" hits="0" branch="false"/>
                <line number="93" hits="0" branch="false"/>
                <line number="94" hits="0" branch="false"/>
                <line number="95" hits="0" branch="false"/>
                <line number="97" hits="0" branch="false"/>
                <line number="98" hits="0" branch="false"/>
              </lines>
            </method>
            <method name="plot_weights_base" signature="" line-rate="0" branch-rate="0" complexity="0">
              <lines>
                <line number="119" hits="0" branch="false"/>
                <line number="120" hits="0" branch="false"/>
                <line number="122" hits="0" branch="false"/>
                <line number="126" hits="0" branch="false"/>
                <line number="127" hits="0" branch="false"/>
                <line number="128" hits="0" branch="false"/>
                <line number="131" hits="0" branch="false"/>
                <line number="132" hits="0" branch="false"/>
                <line number="135" hits="0" branch="false"/>
                <line number="136" hits="0" branch="false"/>
                <line number="137" hits="0" branch="false"/>
                <line number="138" hits="0" branch="false"/>
                <line number="139" hits="0" branch="false"/>
                <line number="140" hits="0" branch="false"/>
                <line number="142" hits="0" branch="false"/>
                <line number="143" hits="0" branch="false"/>
                <line number="144" hits="0" branch="false"/>
                <line number="148" hits="0" branch="false"/>
                <line number="149" hits="0" branch="false"/>
                <line number="150" hits="0" branch="false"/>
                <line number="151" hits="0" branch="false"/>
                <line number="152" hits="0" branch="false"/>
              </lines>
            </method>
            <method name="plot_weights_ggplot" signature="" line-rate="0" branch-rate="0" complexity="0">
              <lines>
                <line number="174" hits="0" branch="false"/>
                <line number="175" hits="0" branch="false"/>
                <line number="178" hits="0" branch="false"/>
                <line number="179" hits="0" branch="false"/>
                <line number="180" hits="0" branch="false"/>
                <line number="181" hits="0" branch="false"/>
                <line number="183" hits="0" branch="false"/>
                <line number="184" hits="0" branch="false"/>
                <line number="185" hits="0" branch="false"/>
                <line number="186" hits="0" branch="false"/>
                <line number="187" hits="0" branch="false"/>
                <line number="188" hits="0" branch="false"/>
                <line number="190" hits="0" branch="false"/>
                <line number="191" hits="0" branch="false"/>
                <line number="192" hits="0" branch="false"/>
                <line number="193" hits="0" branch="false"/>
                <line number="194" hits="0" branch="false"/>
                <line number="195" hits="0" branch="false"/>
                <line number="196" hits="0" branch="false"/>
                <line number="197" hits="0" branch="false"/>
                <line number="198" hits="0" branch="false"/>
                <line number="199" hits="0" branch="false"/>
                <line number="201" hits="0" branch="false"/>
                <line number="202" hits="0" branch="false"/>
                <line number="203" hits="0" branch="false"/>
                <line number="204" hits="0" branch="false"/>
                <line number="205" hits="0" branch="false"/>
                <line number="207" hits="0" branch="false"/>
              </lines>
            </method>
            <method name="plot.maicplus_estimate_weights" signature="" line-rate="0" branch-rate="0" complexity="0">
              <lines>
                <line number="239" hits="0" branch="false"/>
                <line number="240" hits="0" branch="false"/>
                <line number="241" hits="0" branch="false"/>
                <line number="242" hits="0" branch="false"/>
                <line number="244" hits="0" branch="false"/>
                <line number="245" hits="0" branch="false"/>
                <line number="246" hits="0" branch="false"/>
                <line number="249" hits="0" branch="false"/>
                <line number="250" hits="0" branch="false"/>
                <line number="252" hits="0" branch="false"/>
              </lines>
            </method>
            <method name="check_weights" signature="" line-rate="0" branch-rate="0" complexity="0">
              <lines>
                <line number="323" hits="0" branch="false"/>
                <line number="324" hits="0" branch="false"/>
                <line number="327" hits="0" branch="false"/>
                <line number="328" hits="0" branch="false"/>
                <line number="331" hits="0" branch="false"/>
                <line number="332" hits="0" branch="false"/>
                <line number="333" hits="0" branch="false"/>
                <line number="334" hits="0" branch="false"/>
                <line number="335" hits="0" branch="false"/>
                <line number="336" hits="0" branch="false"/>
                <line number="337" hits="0" branch="false"/>
                <line number="338" hits="0" branch="false"/>
                <line number="339" hits="0" branch="false"/>
                <line number="340" hits="0" branch="false"/>
                <line number="341" hits="0" branch="false"/>
                <line number="342" hits="0" branch="false"/>
                <line number="343" hits="0" branch="false"/>
                <line number="344" hits="0" branch="false"/>
                <line number="345" hits="0" branch="false"/>
                <line number="346" hits="0" branch="false"/>
                <line number="347" hits="0" branch="false"/>
                <line number="349" hits="0" branch="false"/>
                <line number="352" hits="0" branch="false"/>
                <line number="353" hits="0" branch="false"/>
                <line number="354" hits="0" branch="false"/>
                <line number="355" hits="0" branch="false"/>
                <line number="356" hits="0" branch="false"/>
                <line number="357" hits="0" branch="false"/>
                <line number="358" hits="0" branch="false"/>
                <line number="359" hits="0" branch="false"/>
                <line number="360" hits="0" branch="false"/>
                <line number="361" hits="0" branch="false"/>
                <line number="362" hits="0" branch="false"/>
                <line number="363" hits="0" branch="false"/>
                <line number="364" hits="0" branch="false"/>
                <line number="365" hits="0" branch="false"/>
                <line number="366" hits="0" branch="false"/>
                <line number="367" hits="0" branch="false"/>
                <line number="368" hits="0" branch="false"/>
                <line number="369" hits="0" branch="false"/>
                <line number="370" hits="0" branch="false"/>
                <line number="372" hits="0" branch="false"/>
                <line number="373" hits="0" branch="false"/>
                <line number="374" hits="0" branch="false"/>
                <line number="375" hits="0" branch="false"/>
                <line number="376" hits="0" branch="false"/>
                <line number="377" hits="0" branch="false"/>
                <line number="378" hits="0" branch="false"/>
                <line number="380" hits="0" branch="false"/>
                <line number="381" hits="0" branch="false"/>
                <line number="382" hits="0" branch="false"/>
                <line number="383" hits="0" branch="false"/>
                <line number="384" hits="0" branch="false"/>
                <line number="389" hits="0" branch="false"/>
                <line number="390" hits="0" branch="false"/>
              </lines>
            </method>
            <method name="print.maicplus_check_weights" signature="" line-rate="0" branch-rate="0" complexity="0">
              <lines>
                <line number="406" hits="0" branch="false"/>
                <line number="407" hits="0" branch="false"/>
                <line number="409" hits="0" branch="false"/>
                <line number="410" hits="0" branch="false"/>
                <line number="411" hits="0" branch="false"/>
                <line number="413" hits="0" branch="false"/>
                <line number="414" hits="0" branch="false"/>
                <line number="415" hits="0" branch="false"/>
                <line number="416" hits="0" branch="false"/>
                <line number="417" hits="0" branch="false"/>
                <line number="418" hits="0" branch="false"/>
              </lines>
            </method>
          </methods>
          <lines>
            <line number="31" hits="0" branch="false"/>
            <line number="32" hits="0" branch="false"/>
            <line number="34" hits="0" branch="false"/>
            <line number="35" hits="0" branch="false"/>
            <line number="36" hits="0" branch="false"/>
            <line number="37" hits="0" branch="false"/>
            <line number="38" hits="0" branch="false"/>
            <line number="39" hits="0" branch="false"/>
            <line number="40" hits="0" branch="false"/>
            <line number="42" hits="0" branch="false"/>
            <line number="45" hits="0" branch="false"/>
            <line number="46" hits="0" branch="false"/>
            <line number="47" hits="0" branch="false"/>
            <line number="48" hits="0" branch="false"/>
            <line number="49" hits="0" branch="false"/>
            <line number="53" hits="0" branch="false"/>
            <line number="54" hits="0" branch="false"/>
            <line number="55" hits="0" branch="false"/>
            <line number="56" hits="0" branch="false"/>
            <line number="57" hits="0" branch="false"/>
            <line number="60" hits="0" branch="false"/>
            <line number="61" hits="0" branch="false"/>
            <line number="62" hits="0" branch="false"/>
            <line number="63" hits="0" branch="false"/>
            <line number="64" hits="0" branch="false"/>
            <line number="65" hits="0" branch="false"/>
            <line number="68" hits="0" branch="false"/>
            <line number="69" hits="0" branch="false"/>
            <line number="70" hits="0" branch="false"/>
            <line number="71" hits="0" branch="false"/>
            <line number="72" hits="0" branch="false"/>
            <line number="73" hits="0" branch="false"/>
            <line number="74" hits="0" branch="false"/>
            <line number="75" hits="0" branch="false"/>
            <line number="76" hits="0" branch="false"/>
            <line number="77" hits="0" branch="false"/>
            <line number="80" hits="0" branch="false"/>
            <line number="81" hits="0" branch="false"/>
            <line number="83" hits="0" branch="false"/>
            <line number="84" hits="0" branch="false"/>
            <line number="86" hits="0" branch="false"/>
            <line number="89" hits="0" branch="false"/>
            <line number="90" hits="0" branch="false"/>
            <line number="91" hits="0" branch="false"/>
            <line number="92" hits="0" branch="false"/>
            <line number="93" hits="0" branch="false"/>
            <line number="94" hits="0" branch="false"/>
            <line number="95" hits="0" branch="false"/>
            <line number="97" hits="0" branch="false"/>
            <line number="98" hits="0" branch="false"/>
            <line number="119" hits="0" branch="false"/>
            <line number="120" hits="0" branch="false"/>
            <line number="122" hits="0" branch="false"/>
            <line number="126" hits="0" branch="false"/>
            <line number="127" hits="0" branch="false"/>
            <line number="128" hits="0" branch="false"/>
            <line number="131" hits="0" branch="false"/>
            <line number="132" hits="0" branch="false"/>
            <line number="135" hits="0" branch="false"/>
            <line number="136" hits="0" branch="false"/>
            <line number="137" hits="0" branch="false"/>
            <line number="138" hits="0" branch="false"/>
            <line number="139" hits="0" branch="false"/>
            <line number="140" hits="0" branch="false"/>
            <line number="142" hits="0" branch="false"/>
            <line number="143" hits="0" branch="false"/>
            <line number="144" hits="0" branch="false"/>
            <line number="148" hits="0" branch="false"/>
            <line number="149" hits="0" branch="false"/>
            <line number="150" hits="0" branch="false"/>
            <line number="151" hits="0" branch="false"/>
            <line number="152" hits="0" branch="false"/>
            <line number="174" hits="0" branch="false"/>
            <line number="175" hits="0" branch="false"/>
            <line number="178" hits="0" branch="false"/>
            <line number="179" hits="0" branch="false"/>
            <line number="180" hits="0" branch="false"/>
            <line number="181" hits="0" branch="false"/>
            <line number="183" hits="0" branch="false"/>
            <line number="184" hits="0" branch="false"/>
            <line number="185" hits="0" branch="false"/>
            <line number="186" hits="0" branch="false"/>
            <line number="187" hits="0" branch="false"/>
            <line number="188" hits="0" branch="false"/>
            <line number="190" hits="0" branch="false"/>
            <line number="191" hits="0" branch="false"/>
            <line number="192" hits="0" branch="false"/>
            <line number="193" hits="0" branch="false"/>
            <line number="194" hits="0" branch="false"/>
            <line number="195" hits="0" branch="false"/>
            <line number="196" hits="0" branch="false"/>
            <line number="197" hits="0" branch="false"/>
            <line number="198" hits="0" branch="false"/>
            <line number="199" hits="0" branch="false"/>
            <line number="201" hits="0" branch="false"/>
            <line number="202" hits="0" branch="false"/>
            <line number="203" hits="0" branch="false"/>
            <line number="204" hits="0" branch="false"/>
            <line number="205" hits="0" branch="false"/>
            <line number="207" hits="0" branch="false"/>
            <line number="239" hits="0" branch="false"/>
            <line number="240" hits="0" branch="false"/>
            <line number="241" hits="0" branch="false"/>
            <line number="242" hits="0" branch="false"/>
            <line number="244" hits="0" branch="false"/>
            <line number="245" hits="0" branch="false"/>
            <line number="246" hits="0" branch="false"/>
            <line number="249" hits="0" branch="false"/>
            <line number="250" hits="0" branch="false"/>
            <line number="252" hits="0" branch="false"/>
            <line number="323" hits="0" branch="false"/>
            <line number="324" hits="0" branch="false"/>
            <line number="327" hits="0" branch="false"/>
            <line number="328" hits="0" branch="false"/>
            <line number="331" hits="0" branch="false"/>
            <line number="332" hits="0" branch="false"/>
            <line number="333" hits="0" branch="false"/>
            <line number="334" hits="0" branch="false"/>
            <line number="335" hits="0" branch="false"/>
            <line number="336" hits="0" branch="false"/>
            <line number="337" hits="0" branch="false"/>
            <line number="338" hits="0" branch="false"/>
            <line number="339" hits="0" branch="false"/>
            <line number="340" hits="0" branch="false"/>
            <line number="341" hits="0" branch="false"/>
            <line number="342" hits="0" branch="false"/>
            <line number="343" hits="0" branch="false"/>
            <line number="344" hits="0" branch="false"/>
            <line number="345" hits="0" branch="false"/>
            <line number="346" hits="0" branch="false"/>
            <line number="347" hits="0" branch="false"/>
            <line number="349" hits="0" branch="false"/>
            <line number="352" hits="0" branch="false"/>
            <line number="353" hits="0" branch="false"/>
            <line number="354" hits="0" branch="false"/>
            <line number="355" hits="0" branch="false"/>
            <line number="356" hits="0" branch="false"/>
            <line number="357" hits="0" branch="false"/>
            <line number="358" hits="0" branch="false"/>
            <line number="359" hits="0" branch="false"/>
            <line number="360" hits="0" branch="false"/>
            <line number="361" hits="0" branch="false"/>
            <line number="362" hits="0" branch="false"/>
            <line number="363" hits="0" branch="false"/>
            <line number="364" hits="0" branch="false"/>
            <line number="365" hits="0" branch="false"/>
            <line number="366" hits="0" branch="false"/>
            <line number="367" hits="0" branch="false"/>
            <line number="368" hits="0" branch="false"/>
            <line number="369" hits="0" branch="false"/>
            <line number="370" hits="0" branch="false"/>
            <line number="372" hits="0" branch="false"/>
            <line number="373" hits="0" branch="false"/>
            <line number="374" hits="0" branch="false"/>
            <line number="375" hits="0" branch="false"/>
            <line number="376" hits="0" branch="false"/>
            <line number="377" hits="0" branch="false"/>
            <line number="378" hits="0" branch="false"/>
            <line number="380" hits="0" branch="false"/>
            <line number="381" hits="0" branch="false"/>
            <line number="382" hits="0" branch="false"/>
            <line number="383" hits="0" branch="false"/>
            <line number="384" hits="0" branch="false"/>
            <line number="389" hits="0" branch="false"/>
            <line number="390" hits="0" branch="false"/>
            <line number="406" hits="0" branch="false"/>
            <line number="407" hits="0" branch="false"/>
            <line number="409" hits="0" branch="false"/>
            <line number="410" hits="0" branch="false"/>
            <line number="411" hits="0" branch="false"/>
            <line number="413" hits="0" branch="false"/>
            <line number="414" hits="0" branch="false"/>
            <line number="415" hits="0" branch="false"/>
            <line number="416" hits="0" branch="false"/>
            <line number="417" hits="0" branch="false"/>
            <line number="418" hits="0" branch="false"/>
          </lines>
        </class>
        <class name="process_data.R" filename="R/process_data.R" line-rate="0" branch-rate="0" complexity="0">
          <methods>
            <method name="process_agd" signature="" line-rate="0" branch-rate="0" complexity="0">
              <lines>
                <line number="39" hits="0" branch="false"/>
                <line number="41" hits="0" branch="false"/>
                <line number="44" hits="0" branch="false"/>
                <line number="45" hits="0" branch="false"/>
                <line number="48" hits="0" branch="false"/>
                <line number="49" hits="0" branch="false"/>
                <line number="50" hits="0" branch="false"/>
                <line number="51" hits="0" branch="false"/>
                <line number="55" hits="0" branch="false"/>
                <line number="56" hits="0" branch="false"/>
                <line number="60" hits="0" branch="false"/>
                <line number="61" hits="0" branch="false"/>
                <line number="62" hits="0" branch="false"/>
                <line number="63" hits="0" branch="false"/>
                <line number="64" hits="0" branch="false"/>
                <line number="65" hits="0" branch="false"/>
                <line number="66" hits="0" branch="false"/>
                <line number="68" hits="0" branch="false"/>
                <line number="69" hits="0" branch="false"/>
                <line number="70" hits="0" branch="false"/>
                <line number="71" hits="0" branch="false"/>
                <line number="72" hits="0" branch="false"/>
                <line number="73" hits="0" branch="false"/>
                <line number="74" hits="0" branch="false"/>
                <line number="79" hits="0" branch="false"/>
                <line number="80" hits="0" branch="false"/>
                <line number="84" hits="0" branch="false"/>
                <line number="85" hits="0" branch="false"/>
                <line number="86" hits="0" branch="false"/>
                <line number="87" hits="0" branch="false"/>
                <line number="90" hits="0" branch="false"/>
                <line number="91" hits="0" branch="false"/>
                <line number="92" hits="0" branch="false"/>
                <line number="93" hits="0" branch="false"/>
                <line number="95" hits="0" branch="false"/>
                <line number="97" hits="0" branch="false"/>
                <line number="99" hits="0" branch="false"/>
                <line number="102" hits="0" branch="false"/>
              </lines>
            </method>
            <method name="dummize_ipd" signature="" line-rate="0" branch-rate="0" complexity="0">
              <lines>
                <line number="120" hits="0" branch="false"/>
                <line number="121" hits="0" branch="false"/>
                <line number="122" hits="0" branch="false"/>
                <line number="123" hits="0" branch="false"/>
                <line number="124" hits="0" branch="false"/>
                <line number="125" hits="0" branch="false"/>
                <line number="126" hits="0" branch="false"/>
                <line number="127" hits="0" branch="false"/>
                <line number="128" hits="0" branch="false"/>
                <line number="129" hits="0" branch="false"/>
                <line number="131" hits="0" branch="false"/>
              </lines>
            </method>
            <method name="center_ipd" signature="" line-rate="0" branch-rate="0" complexity="0">
              <lines>
                <line number="153" hits="0" branch="false"/>
                <line number="154" hits="0" branch="false"/>
                <line number="155" hits="0" branch="false"/>
                <line number="157" hits="0" branch="false"/>
                <line number="158" hits="0" branch="false"/>
                <line number="159" hits="0" branch="false"/>
                <line number="160" hits="0" branch="false"/>
                <line number="162" hits="0" branch="false"/>
                <line number="163" hits="0" branch="false"/>
                <line number="165" hits="0" branch="false"/>
                <line number="167" hits="0" branch="false"/>
                <line number="168" hits="0" branch="false"/>
                <line number="169" hits="0" branch="false"/>
                <line number="170" hits="0" branch="false"/>
                <line number="171" hits="0" branch="false"/>
                <line number="172" hits="0" branch="false"/>
                <line number="173" hits="0" branch="false"/>
                <line number="174" hits="0" branch="false"/>
                <line number="175" hits="0" branch="false"/>
                <line number="181" hits="0" branch="false"/>
              </lines>
            </method>
            <method name="complete_agd" signature="" line-rate="0" branch-rate="0" complexity="0">
              <lines>
                <line number="196" hits="0" branch="false"/>
                <line number="197" hits="0" branch="false"/>
                <line number="198" hits="0" branch="false"/>
                <line number="199" hits="0" branch="false"/>
                <line number="201" hits="0" branch="false"/>
                <line number="203" hits="0" branch="false"/>
                <line number="204" hits="0" branch="false"/>
                <line number="205" hits="0" branch="false"/>
                <line number="206" hits="0" branch="false"/>
                <line number="209" hits="0" branch="false"/>
                <line number="210" hits="0" branch="false"/>
                <line number="211" hits="0" branch="false"/>
                <line number="212" hits="0" branch="false"/>
                <line number="216" hits="0" branch="false"/>
                <line number="217" hits="0" branch="false"/>
                <line number="221" hits="0" branch="false"/>
                <line number="222" hits="0" branch="false"/>
                <line number="226" hits="0" branch="false"/>
                <line number="227" hits="0" branch="false"/>
                <line number="231" hits="0" branch="false"/>
              </lines>
            </method>
            <method name="ext_tte_transfer" signature="" line-rate="0" branch-rate="0" complexity="0">
              <lines>
                <line number="244" hits="0" branch="false"/>
                <line number="246" hits="0" branch="false"/>
                <line number="248" hits="0" branch="false"/>
                <line number="249" hits="0" branch="false"/>
                <line number="250" hits="0" branch="false"/>
                <line number="252" hits="0" branch="false"/>
                <line number="253" hits="0" branch="false"/>
                <line number="255" hits="0" branch="false"/>
                <line number="256" hits="0" branch="false"/>
                <line number="259" hits="0" branch="false"/>
                <line number="260" hits="0" branch="false"/>
                <line number="261" hits="0" branch="false"/>
              </lines>
            </method>
          </methods>
          <lines>
            <line number="39" hits="0" branch="false"/>
            <line number="41" hits="0" branch="false"/>
            <line number="44" hits="0" branch="false"/>
            <line number="45" hits="0" branch="false"/>
            <line number="48" hits="0" branch="false"/>
            <line number="49" hits="0" branch="false"/>
            <line number="50" hits="0" branch="false"/>
            <line number="51" hits="0" branch="false"/>
            <line number="55" hits="0" branch="false"/>
            <line number="56" hits="0" branch="false"/>
            <line number="60" hits="0" branch="false"/>
            <line number="61" hits="0" branch="false"/>
            <line number="62" hits="0" branch="false"/>
            <line number="63" hits="0" branch="false"/>
            <line number="64" hits="0" branch="false"/>
            <line number="65" hits="0" branch="false"/>
            <line number="66" hits="0" branch="false"/>
            <line number="68" hits="0" branch="false"/>
            <line number="69" hits="0" branch="false"/>
            <line number="70" hits="0" branch="false"/>
            <line number="71" hits="0" branch="false"/>
            <line number="72" hits="0" branch="false"/>
            <line number="73" hits="0" branch="false"/>
            <line number="74" hits="0" branch="false"/>
            <line number="79" hits="0" branch="false"/>
            <line number="80" hits="0" branch="false"/>
            <line number="84" hits="0" branch="false"/>
            <line number="85" hits="0" branch="false"/>
            <line number="86" hits="0" branch="false"/>
            <line number="87" hits="0" branch="false"/>
            <line number="90" hits="0" branch="false"/>
            <line number="91" hits="0" branch="false"/>
            <line number="92" hits="0" branch="false"/>
            <line number="93" hits="0" branch="false"/>
            <line number="95" hits="0" branch="false"/>
            <line number="97" hits="0" branch="false"/>
            <line number="99" hits="0" branch="false"/>
            <line number="102" hits="0" branch="false"/>
            <line number="120" hits="0" branch="false"/>
            <line number="121" hits="0" branch="false"/>
            <line number="122" hits="0" branch="false"/>
            <line number="123" hits="0" branch="false"/>
            <line number="124" hits="0" branch="false"/>
            <line number="125" hits="0" branch="false"/>
            <line number="126" hits="0" branch="false"/>
            <line number="127" hits="0" branch="false"/>
            <line number="128" hits="0" branch="false"/>
            <line number="129" hits="0" branch="false"/>
            <line number="131" hits="0" branch="false"/>
            <line number="153" hits="0" branch="false"/>
            <line number="154" hits="0" branch="false"/>
            <line number="155" hits="0" branch="false"/>
            <line number="157" hits="0" branch="false"/>
            <line number="158" hits="0" branch="false"/>
            <line number="159" hits="0" branch="false"/>
            <line number="160" hits="0" branch="false"/>
            <line number="162" hits="0" branch="false"/>
            <line number="163" hits="0" branch="false"/>
            <line number="165" hits="0" branch="false"/>
            <line number="167" hits="0" branch="false"/>
            <line number="168" hits="0" branch="false"/>
            <line number="169" hits="0" branch="false"/>
            <line number="170" hits="0" branch="false"/>
            <line number="171" hits="0" branch="false"/>
            <line number="172" hits="0" branch="false"/>
            <line number="173" hits="0" branch="false"/>
            <line number="174" hits="0" branch="false"/>
            <line number="175" hits="0" branch="false"/>
            <line number="181" hits="0" branch="false"/>
            <line number="196" hits="0" branch="false"/>
            <line number="197" hits="0" branch="false"/>
            <line number="198" hits="0" branch="false"/>
            <line number="199" hits="0" branch="false"/>
            <line number="201" hits="0" branch="false"/>
            <line number="203" hits="0" branch="false"/>
            <line number="204" hits="0" branch="false"/>
            <line number="205" hits="0" branch="false"/>
            <line number="206" hits="0" branch="false"/>
            <line number="209" hits="0" branch="false"/>
            <line number="210" hits="0" branch="false"/>
            <line number="211" hits="0" branch="false"/>
            <line number="212" hits="0" branch="false"/>
            <line number="216" hits="0" branch="false"/>
            <line number="217" hits="0" branch="false"/>
            <line number="221" hits="0" branch="false"/>
            <line number="222" hits="0" branch="false"/>
            <line number="226" hits="0" branch="false"/>
            <line number="227" hits="0" branch="false"/>
            <line number="231" hits="0" branch="false"/>
            <line number="244" hits="0" branch="false"/>
            <line number="246" hits="0" branch="false"/>
            <line number="248" hits="0" branch="false"/>
            <line number="249" hits="0" branch="false"/>
            <line number="250" hits="0" branch="false"/>
            <line number="252" hits="0" branch="false"/>
            <line number="253" hits="0" branch="false"/>
            <line number="255" hits="0" branch="false"/>
            <line number="256" hits="0" branch="false"/>
            <line number="259" hits="0" branch="false"/>
            <line number="260" hits="0" branch="false"/>
            <line number="261" hits="0" branch="false"/>
          </lines>
        </class>
        <class name="survival-helper.R" filename="R/survival-helper.R" line-rate="0" branch-rate="0" complexity="0">
          <methods>
            <method name="medSurv_makeup" signature="" line-rate="0" branch-rate="0" complexity="0">
              <lines>
                <line number="12" hits="0" branch="false"/>
                <line number="14" hits="0" branch="false"/>
                <line number="17" hits="0" branch="false"/>
                <line number="18" hits="0" branch="false"/>
                <line number="20" hits="0" branch="false"/>
                <line number="21" hits="0" branch="false"/>
                <line number="22" hits="0" branch="false"/>
                <line number="23" hits="0" branch="false"/>
                <line number="25" hits="0" branch="false"/>
                <line number="26" hits="0" branch="false"/>
                <line number="28" hits="0" branch="false"/>
              </lines>
            </method>
            <method name="survfit_makeup" signature="" line-rate="0" branch-rate="0" complexity="0">
              <lines>
                <line number="40" hits="0" branch="false"/>
                <line number="41" hits="0" branch="false"/>
                <line number="42" hits="0" branch="false"/>
                <line number="43" hits="0" branch="false"/>
                <line number="44" hits="0" branch="false"/>
                <line number="45" hits="0" branch="false"/>
                <line number="46" hits="0" branch="false"/>
                <line number="47" hits="0" branch="false"/>
                <line number="48" hits="0" branch="false"/>
                <line number="49" hits="0" branch="false"/>
                <line number="50" hits="0" branch="false"/>
                <line number="51" hits="0" branch="false"/>
                <line number="52" hits="0" branch="false"/>
              </lines>
            </method>
            <method name="km_plot" signature="" line-rate="0" branch-rate="0" complexity="0">
              <lines>
                <line number="68" hits="0" branch="false"/>
                <line number="70" hits="0" branch="false"/>
                <line number="73" hits="0" branch="false"/>
                <line number="74" hits="0" branch="false"/>
                <line number="77" hits="0" branch="false"/>
                <line number="78" hits="0" branch="false"/>
                <line number="80" hits="0" branch="false"/>
                <line number="82" hits="0" branch="false"/>
                <line number="85" hits="0" branch="false"/>
                <line number="86" hits="0" branch="false"/>
                <line number="87" hits="0" branch="false"/>
                <line number="88" hits="0" branch="false"/>
                <line number="89" hits="0" branch="false"/>
                <line number="90" hits="0" branch="false"/>
                <line number="91" hits="0" branch="false"/>
                <line number="92" hits="0" branch="false"/>
                <line number="93" hits="0" branch="false"/>
                <line number="94" hits="0" branch="false"/>
                <line number="95" hits="0" branch="false"/>
                <line number="98" hits="0" branch="false"/>
                <line number="99" hits="0" branch="false"/>
                <line number="100" hits="0" branch="false"/>
                <line number="101" hits="0" branch="false"/>
                <line number="102" hits="0" branch="false"/>
                <line number="103" hits="0" branch="false"/>
                <line number="104" hits="0" branch="false"/>
                <line number="105" hits="0" branch="false"/>
                <line number="106" hits="0" branch="false"/>
                <line number="107" hits="0" branch="false"/>
                <line number="108" hits="0" branch="false"/>
                <line number="111" hits="0" branch="false"/>
                <line number="112" hits="0" branch="false"/>
                <line number="113" hits="0" branch="false"/>
                <line number="114" hits="0" branch="false"/>
                <line number="115" hits="0" branch="false"/>
                <line number="116" hits="0" branch="false"/>
                <line number="117" hits="0" branch="false"/>
                <line number="118" hits="0" branch="false"/>
                <line number="119" hits="0" branch="false"/>
                <line number="120" hits="0" branch="false"/>
                <line number="121" hits="0" branch="false"/>
                <line number="124" hits="0" branch="false"/>
                <line number="125" hits="0" branch="false"/>
                <line number="126" hits="0" branch="false"/>
                <line number="127" hits="0" branch="false"/>
                <line number="128" hits="0" branch="false"/>
                <line number="129" hits="0" branch="false"/>
                <line number="130" hits="0" branch="false"/>
                <line number="131" hits="0" branch="false"/>
                <line number="132" hits="0" branch="false"/>
                <line number="133" hits="0" branch="false"/>
                <line number="134" hits="0" branch="false"/>
                <line number="135" hits="0" branch="false"/>
                <line number="138" hits="0" branch="false"/>
                <line number="140" hits="0" branch="false"/>
                <line number="141" hits="0" branch="false"/>
                <line number="142" hits="0" branch="false"/>
                <line number="143" hits="0" branch="false"/>
                <line number="144" hits="0" branch="false"/>
                <line number="145" hits="0" branch="false"/>
                <line number="146" hits="0" branch="false"/>
                <line number="147" hits="0" branch="false"/>
              </lines>
            </method>
            <method name="log_cum_haz_plot" signature="" line-rate="0" branch-rate="0" complexity="0">
              <lines>
                <line number="170" hits="0" branch="false"/>
                <line number="171" hits="0" branch="false"/>
                <line number="173" hits="0" branch="false"/>
                <line number="174" hits="0" branch="false"/>
                <line number="177" hits="0" branch="false"/>
                <line number="178" hits="0" branch="false"/>
                <line number="179" hits="0" branch="false"/>
                <line number="180" hits="0" branch="false"/>
                <line number="182" hits="0" branch="false"/>
                <line number="183" hits="0" branch="false"/>
                <line number="184" hits="0" branch="false"/>
                <line number="185" hits="0" branch="false"/>
                <line number="186" hits="0" branch="false"/>
                <line number="187" hits="0" branch="false"/>
                <line number="188" hits="0" branch="false"/>
                <line number="189" hits="0" branch="false"/>
                <line number="190" hits="0" branch="false"/>
                <line number="191" hits="0" branch="false"/>
                <line number="192" hits="0" branch="false"/>
                <line number="194" hits="0" branch="false"/>
                <line number="195" hits="0" branch="false"/>
                <line number="196" hits="0" branch="false"/>
                <line number="197" hits="0" branch="false"/>
                <line number="198" hits="0" branch="false"/>
                <line number="199" hits="0" branch="false"/>
                <line number="201" hits="0" branch="false"/>
                <line number="202" hits="0" branch="false"/>
                <line number="203" hits="0" branch="false"/>
                <line number="204" hits="0" branch="false"/>
                <line number="205" hits="0" branch="false"/>
                <line number="206" hits="0" branch="false"/>
                <line number="207" hits="0" branch="false"/>
                <line number="208" hits="0" branch="false"/>
                <line number="209" hits="0" branch="false"/>
                <line number="211" hits="0" branch="false"/>
                <line number="212" hits="0" branch="false"/>
                <line number="213" hits="0" branch="false"/>
                <line number="214" hits="0" branch="false"/>
              </lines>
            </method>
            <method name="resid_plot" signature="" line-rate="0" branch-rate="0" complexity="0">
              <lines>
                <line number="230" hits="0" branch="false"/>
                <line number="231" hits="0" branch="false"/>
                <line number="233" hits="0" branch="false"/>
                <line number="234" hits="0" branch="false"/>
                <line number="235" hits="0" branch="false"/>
                <line number="236" hits="0" branch="false"/>
                <line number="237" hits="0" branch="false"/>
                <line number="238" hits="0" branch="false"/>
                <line number="239" hits="0" branch="false"/>
                <line number="240" hits="0" branch="false"/>
                <line number="241" hits="0" branch="false"/>
                <line number="242" hits="0" branch="false"/>
                <line number="243" hits="0" branch="false"/>
                <line number="244" hits="0" branch="false"/>
                <line number="245" hits="0" branch="false"/>
              </lines>
            </method>
          </methods>
          <lines>
            <line number="12" hits="0" branch="false"/>
            <line number="14" hits="0" branch="false"/>
            <line number="17" hits="0" branch="false"/>
            <line number="18" hits="0" branch="false"/>
            <line number="20" hits="0" branch="false"/>
            <line number="21" hits="0" branch="false"/>
            <line number="22" hits="0" branch="false"/>
            <line number="23" hits="0" branch="false"/>
            <line number="25" hits="0" branch="false"/>
            <line number="26" hits="0" branch="false"/>
            <line number="28" hits="0" branch="false"/>
            <line number="40" hits="0" branch="false"/>
            <line number="41" hits="0" branch="false"/>
            <line number="42" hits="0" branch="false"/>
            <line number="43" hits="0" branch="false"/>
            <line number="44" hits="0" branch="false"/>
            <line number="45" hits="0" branch="false"/>
            <line number="46" hits="0" branch="false"/>
            <line number="47" hits="0" branch="false"/>
            <line number="48" hits="0" branch="false"/>
            <line number="49" hits="0" branch="false"/>
            <line number="50" hits="0" branch="false"/>
            <line number="51" hits="0" branch="false"/>
            <line number="52" hits="0" branch="false"/>
            <line number="68" hits="0" branch="false"/>
            <line number="70" hits="0" branch="false"/>
            <line number="73" hits="0" branch="false"/>
            <line number="74" hits="0" branch="false"/>
            <line number="77" hits="0" branch="false"/>
            <line number="78" hits="0" branch="false"/>
            <line number="80" hits="0" branch="false"/>
            <line number="82" hits="0" branch="false"/>
            <line number="85" hits="0" branch="false"/>
            <line number="86" hits="0" branch="false"/>
            <line number="87" hits="0" branch="false"/>
            <line number="88" hits="0" branch="false"/>
            <line number="89" hits="0" branch="false"/>
            <line number="90" hits="0" branch="false"/>
            <line number="91" hits="0" branch="false"/>
            <line number="92" hits="0" branch="false"/>
            <line number="93" hits="0" branch="false"/>
            <line number="94" hits="0" branch="false"/>
            <line number="95" hits="0" branch="false"/>
            <line number="98" hits="0" branch="false"/>
            <line number="99" hits="0" branch="false"/>
            <line number="100" hits="0" branch="false"/>
            <line number="101" hits="0" branch="false"/>
            <line number="102" hits="0" branch="false"/>
            <line number="103" hits="0" branch="false"/>
            <line number="104" hits="0" branch="false"/>
            <line number="105" hits="0" branch="false"/>
            <line number="106" hits="0" branch="false"/>
            <line number="107" hits="0" branch="false"/>
            <line number="108" hits="0" branch="false"/>
            <line number="111" hits="0" branch="false"/>
            <line number="112" hits="0" branch="false"/>
            <line number="113" hits="0" branch="false"/>
            <line number="114" hits="0" branch="false"/>
            <line number="115" hits="0" branch="false"/>
            <line number="116" hits="0" branch="false"/>
            <line number="117" hits="0" branch="false"/>
            <line number="118" hits="0" branch="false"/>
            <line number="119" hits="0" branch="false"/>
            <line number="120" hits="0" branch="false"/>
            <line number="121" hits="0" branch="false"/>
            <line number="124" hits="0" branch="false"/>
            <line number="125" hits="0" branch="false"/>
            <line number="126" hits="0" branch="false"/>
            <line number="127" hits="0" branch="false"/>
            <line number="128" hits="0" branch="false"/>
            <line number="129" hits="0" branch="false"/>
            <line number="130" hits="0" branch="false"/>
            <line number="131" hits="0" branch="false"/>
            <line number="132" hits="0" branch="false"/>
            <line number="133" hits="0" branch="false"/>
            <line number="134" hits="0" branch="false"/>
            <line number="135" hits="0" branch="false"/>
            <line number="138" hits="0" branch="false"/>
            <line number="140" hits="0" branch="false"/>
            <line number="141" hits="0" branch="false"/>
            <line number="142" hits="0" branch="false"/>
            <line number="143" hits="0" branch="false"/>
            <line number="144" hits="0" branch="false"/>
            <line number="145" hits="0" branch="false"/>
            <line number="146" hits="0" branch="false"/>
            <line number="147" hits="0" branch="false"/>
            <line number="170" hits="0" branch="false"/>
            <line number="171" hits="0" branch="false"/>
            <line number="173" hits="0" branch="false"/>
            <line number="174" hits="0" branch="false"/>
            <line number="177" hits="0" branch="false"/>
            <line number="178" hits="0" branch="false"/>
            <line number="179" hits="0" branch="false"/>
            <line number="180" hits="0" branch="false"/>
            <line number="182" hits="0" branch="false"/>
            <line number="183" hits="0" branch="false"/>
            <line number="184" hits="0" branch="false"/>
            <line number="185" hits="0" branch="false"/>
            <line number="186" hits="0" branch="false"/>
            <line number="187" hits="0" branch="false"/>
            <line number="188" hits="0" branch="false"/>
            <line number="189" hits="0" branch="false"/>
            <line number="190" hits="0" branch="false"/>
            <line number="191" hits="0" branch="false"/>
            <line number="192" hits="0" branch="false"/>
            <line number="194" hits="0" branch="false"/>
            <line number="195" hits="0" branch="false"/>
            <line number="196" hits="0" branch="false"/>
            <line number="197" hits="0" branch="false"/>
            <line number="198" hits="0" branch="false"/>
            <line number="199" hits="0" branch="false"/>
            <line number="201" hits="0" branch="false"/>
            <line number="202" hits="0" branch="false"/>
            <line number="203" hits="0" branch="false"/>
            <line number="204" hits="0" branch="false"/>
            <line number="205" hits="0" branch="false"/>
            <line number="206" hits="0" branch="false"/>
            <line number="207" hits="0" branch="false"/>
            <line number="208" hits="0" branch="false"/>
            <line number="209" hits="0" branch="false"/>
            <line number="211" hits="0" branch="false"/>
            <line number="212" hits="0" branch="false"/>
            <line number="213" hits="0" branch="false"/>
            <line number="214" hits="0" branch="false"/>
            <line number="230" hits="0" branch="false"/>
            <line number="231" hits="0" branch="false"/>
            <line number="233" hits="0" branch="false"/>
            <line number="234" hits="0" branch="false"/>
            <line number="235" hits="0" branch="false"/>
            <line number="236" hits="0" branch="false"/>
            <line number="237" hits="0" branch="false"/>
            <line number="238" hits="0" branch="false"/>
            <line number="239" hits="0" branch="false"/>
            <line number="240" hits="0" branch="false"/>
            <line number="241" hits="0" branch="false"/>
            <line number="242" hits="0" branch="false"/>
            <line number="243" hits="0" branch="false"/>
            <line number="244" hits="0" branch="false"/>
            <line number="245" hits="0" branch="false"/>
          </lines>
        </class>
      </classes>
    </package>
  </packages>
</coverage>
